2024-07-11 17:15:04,975 [INFO] Activator:176 - 


2024-07-11 17:15:04,979 [INFO] Activator:177 - !SESSION log4j initialized
2024-07-11 17:15:11,021 [INFO] LogOutputStream:77 - [STDOUT_REDIRECT] 
2024-07-11 17:15:13,696 [INFO] ApplicationProperties:184 - Using Application install path: C:\ST\STM32CubeIDE_1.15.0\STM32CubeIDE\plugins\com.st.stm32cube.common.mx_6.12.0.202406281431
2024-07-11 17:15:13,716 [INFO] DbMcusXml:78 - Set database path to: C:\ST\STM32CubeIDE_1.15.0\STM32CubeIDE\plugins\com.st.stm32cube.common.mx_6.12.0.202406281431\\db\/mcu/
2024-07-11 17:15:13,716 [INFO] ApiDb:274 - Set plugin database path to: C:\ST\STM32CubeIDE_1.15.0\STM32CubeIDE\plugins\com.st.stm32cube.common.mx_6.12.0.202406281431\\db\/plugins/boardmanager/
2024-07-11 17:15:13,718 [WARN] ApiDb:259 - Overriding images path with different value:  => C:\ST\STM32CubeIDE_1.15.0\STM32CubeIDE\plugins\com.st.stm32cube.common.mx_6.12.0.202406281431\\db\/plugins/mcufinder/images/
2024-07-11 17:15:13,732 [INFO] ApiDb:250 - Set database path to: C:\Users\miche\.stmcufinder\plugins\mcufinder//mcu/
2024-07-11 17:15:13,733 [INFO] DbMcusAds:125 - Set database path to: C:\Users\miche\.stmcufinder\plugins\mcufinder//mcu/
2024-07-11 17:15:13,736 [INFO] CrossReferenceDbSqlite:203 - Set database path to: C:\Users\miche\.stmcufinder\plugins\mcufinder//mcu/cs/
2024-07-11 17:15:13,851 [INFO] RulesReader:64 - Compatibility file has been processed (297 Rules)
2024-07-11 17:15:13,924 [INFO] DbMcusXml:78 - Set database path to: C:\ST\STM32CubeIDE_1.15.0\STM32CubeIDE\plugins\com.st.stm32cube.common.mx_6.12.0.202406281431\\db\/mcu/
2024-07-11 17:15:13,924 [INFO] ApiDb:274 - Set plugin database path to: C:\ST\STM32CubeIDE_1.15.0\STM32CubeIDE\plugins\com.st.stm32cube.common.mx_6.12.0.202406281431\\db\/plugins/boardmanager/
2024-07-11 17:15:13,924 [INFO] ApiDb:261 - Set plugin images path to: C:\ST\STM32CubeIDE_1.15.0\STM32CubeIDE\plugins\com.st.stm32cube.common.mx_6.12.0.202406281431\\db\/plugins/mcufinder/images/
2024-07-11 17:15:13,924 [WARN] DbFile:41 - Overriding database path with different value: C:\Users\miche\.stmcufinder\plugins\mcufinder/ => C:\Users\miche\.stmcufinder\plugins\mcufinder
2024-07-11 17:15:13,925 [INFO] ApiDb:250 - Set database path to: C:\Users\miche\.stmcufinder\plugins\mcufinder//mcu/
2024-07-11 17:15:13,925 [WARN] DbFile:41 - Overriding database path with different value: C:\Users\miche\.stmcufinder\plugins\mcufinder/ => C:\Users\miche\.stmcufinder\plugins\mcufinder
2024-07-11 17:15:13,925 [INFO] DbMcusAds:125 - Set database path to: C:\Users\miche\.stmcufinder\plugins\mcufinder//mcu/
2024-07-11 17:15:13,925 [WARN] DbFile:41 - Overriding database path with different value: C:\Users\miche\.stmcufinder\plugins\mcufinder/ => C:\Users\miche\.stmcufinder\plugins\mcufinder
2024-07-11 17:15:13,925 [WARN] DbFile:41 - Overriding database path with different value: C:\Users\miche\.stmcufinder\plugins\mcufinder/ => C:\Users\miche\.stmcufinder\plugins\mcufinder
2024-07-11 17:15:13,925 [INFO] CrossReferenceDbSqlite:203 - Set database path to: C:\Users\miche\.stmcufinder\plugins\mcufinder//mcu/cs/
2024-07-11 17:15:14,001 [INFO] MainPanel:268 - HeapMemory: 268435456
2024-07-11 17:15:14,097 [INFO] DbMcusXml:78 - Set database path to: C:\ST\STM32CubeIDE_1.15.0\STM32CubeIDE\plugins\com.st.stm32cube.common.mx_6.12.0.202406281431\\db\/mcu/
2024-07-11 17:15:14,097 [INFO] ApiDb:274 - Set plugin database path to: C:\ST\STM32CubeIDE_1.15.0\STM32CubeIDE\plugins\com.st.stm32cube.common.mx_6.12.0.202406281431\\db\/plugins/boardmanager/
2024-07-11 17:15:14,097 [INFO] ApiDb:261 - Set plugin images path to: C:\ST\STM32CubeIDE_1.15.0\STM32CubeIDE\plugins\com.st.stm32cube.common.mx_6.12.0.202406281431\\db\/plugins/mcufinder/images/
2024-07-11 17:15:14,098 [WARN] DbFile:41 - Overriding database path with different value: C:\Users\miche\.stmcufinder\plugins\mcufinder/ => C:\Users\miche\.stmcufinder\plugins\mcufinder
2024-07-11 17:15:14,098 [INFO] ApiDb:250 - Set database path to: C:\Users\miche\.stmcufinder\plugins\mcufinder//mcu/
2024-07-11 17:15:14,098 [WARN] DbFile:41 - Overriding database path with different value: C:\Users\miche\.stmcufinder\plugins\mcufinder/ => C:\Users\miche\.stmcufinder\plugins\mcufinder
2024-07-11 17:15:14,098 [INFO] DbMcusAds:125 - Set database path to: C:\Users\miche\.stmcufinder\plugins\mcufinder//mcu/
2024-07-11 17:15:14,098 [WARN] DbFile:41 - Overriding database path with different value: C:\Users\miche\.stmcufinder\plugins\mcufinder/ => C:\Users\miche\.stmcufinder\plugins\mcufinder
2024-07-11 17:15:14,098 [WARN] DbFile:41 - Overriding database path with different value: C:\Users\miche\.stmcufinder\plugins\mcufinder/ => C:\Users\miche\.stmcufinder\plugins\mcufinder
2024-07-11 17:15:14,098 [INFO] CrossReferenceDbSqlite:203 - Set database path to: C:\Users\miche\.stmcufinder\plugins\mcufinder//mcu/cs/
2024-07-11 17:15:14,114 [INFO] ApplicationProperties:184 - Using Application install path: C:\ST\STM32CubeIDE_1.15.0\STM32CubeIDE\plugins\com.st.stm32cube.common.mx_6.12.0.202406281431
2024-07-11 17:15:14,116 [INFO] PluginManage:196 - Search for loadable plugins [exclusion list=, ]
2024-07-11 17:15:14,117 [INFO] PluginManage:310 - Check plugin analytics
2024-07-11 17:15:14,302 [INFO] AnalyticsPlugin:253 - Accepted Software Licenses: STM32CubeMX.6.8.0,STM32CubeMX.6.11.0
2024-07-11 17:15:14,302 [INFO] AnalyticsPlugin:255 - Accepted CMSIS Pack Licenses: 
2024-07-11 17:15:14,302 [INFO] AnalyticsPlugin:257 - Accepted Firmware Licenses: FW.F4.1.27.0
2024-07-11 17:15:14,305 [INFO] PluginManage:359 - Loaded plugin analytics (category:tool,tabindex:-1)
2024-07-11 17:15:14,306 [INFO] PluginManage:310 - Check plugin cadmodel
2024-07-11 17:15:14,318 [INFO] CADModel:105 - Init CAD model plugin
2024-07-11 17:15:14,318 [INFO] PluginManage:359 - Loaded plugin cadmodel (category:power,tabindex:5)
2024-07-11 17:15:14,318 [INFO] PluginManage:310 - Check plugin clock
2024-07-11 17:15:14,337 [INFO] PluginManage:359 - Loaded plugin clock (category:base,tabindex:2)
2024-07-11 17:15:14,337 [INFO] PluginManage:310 - Check plugin ddr
2024-07-11 17:15:14,339 [INFO] PluginManage:359 - Loaded plugin ddr (category:tool,tabindex:6)
2024-07-11 17:15:14,340 [INFO] PluginManage:310 - Check plugin filemanager
2024-07-11 17:15:14,487 [INFO] PluginManage:359 - Loaded plugin filemanager (category:base,tabindex:10)
2024-07-11 17:15:14,488 [INFO] PluginManage:310 - Check plugin ipmanager
2024-07-11 17:15:14,493 [INFO] PluginManage:359 - Loaded plugin ipmanager (category:base,tabindex:5)
2024-07-11 17:15:14,494 [INFO] PluginManage:310 - Check plugin lpbam
2024-07-11 17:15:14,521 [INFO] PluginManage:359 - Loaded plugin lpbam (category:base,tabindex:0)
2024-07-11 17:15:14,521 [INFO] PluginManage:310 - Check plugin memorymap
2024-07-11 17:15:14,546 [INFO] PluginManage:359 - Loaded plugin memorymap (category:base,tabindex:4)
2024-07-11 17:15:14,546 [INFO] PluginManage:310 - Check plugin pinoutandconfiguration
2024-07-11 17:15:14,562 [INFO] PluginManage:359 - Loaded plugin pinoutandconfiguration (category:base,tabindex:1)
2024-07-11 17:15:14,562 [INFO] PluginManage:310 - Check plugin pinoutconfig
2024-07-11 17:15:14,653 [WARN] SupportedApi:132 - Cannot load RTOS API schema: s4s-elt-must-match.1: The content of 'definitions' must match (annotation?, (simpleType | complexType)?, (unique | key | keyref)*)). A problem was found starting at: attribute.
2024-07-11 17:15:14,780 [INFO] PluginManage:359 - Loaded plugin pinoutconfig (category:base,tabindex:0)
2024-07-11 17:15:14,780 [INFO] PluginManage:310 - Check plugin power
2024-07-11 17:15:14,806 [INFO] PluginManage:359 - Loaded plugin power (category:power,tabindex:4)
2024-07-11 17:15:14,806 [INFO] PluginManage:310 - Check plugin projectmanager
2024-07-11 17:15:14,824 [INFO] PluginManage:359 - Loaded plugin projectmanager (category:projectmanager,tabindex:4)
2024-07-11 17:15:14,824 [INFO] PluginManage:310 - Check plugin rif
2024-07-11 17:15:14,842 [INFO] PluginManage:359 - Loaded plugin rif (category:base,tabindex:3)
2024-07-11 17:15:14,842 [INFO] PluginManage:310 - Check plugin thirdparty
2024-07-11 17:15:15,158 [INFO] PluginManage:359 - Loaded plugin thirdparty (category:base,tabindex:-1)
2024-07-11 17:15:15,158 [INFO] PluginManage:310 - Check plugin tools
2024-07-11 17:15:15,158 [WARN] IntegrityCheckThread:84 - waiting for thirdparty lock release [integrity check]
2024-07-11 17:15:15,158 [INFO] IntegrityCheckThread:86 - entering critical section [integrity check]
2024-07-11 17:15:15,159 [INFO] ThirdPartyUpdaterWithRetryManager:70 - Updater plugin not ready yet. [1/15]
2024-07-11 17:15:15,223 [INFO] PluginManage:359 - Loaded plugin tools (category:base,tabindex:7)
2024-07-11 17:15:15,223 [INFO] PluginManage:310 - Check plugin tutovideos
2024-07-11 17:15:15,390 [INFO] PluginManage:359 - Loaded plugin tutovideos (category:base,tabindex:-1)
2024-07-11 17:15:15,390 [INFO] PluginManage:310 - Check plugin updater
2024-07-11 17:15:15,411 [INFO] PluginManage:359 - Loaded plugin updater (category:base,tabindex:12)
2024-07-11 17:15:15,411 [INFO] PluginManage:310 - Check plugin userauth
2024-07-11 17:15:15,418 [INFO] UserAuth:113 - Init User Auth plugin
2024-07-11 17:15:15,418 [INFO] PluginManage:359 - Loaded plugin userauth (category:base,tabindex:14)
2024-07-11 17:15:15,418 [INFO] PluginManage:283 - PluginManage : Loaded plugins [18]
2024-07-11 17:15:15,609 [INFO] PinOutPanel:1561 - setPackage(No Configuration,No Configuration)
2024-07-11 17:15:15,715 [INFO] CADModel:165 - CPN selected for project level
2024-07-11 17:15:15,715 [INFO] CADModel:114 - Register for checkConnection events
2024-07-11 17:15:15,750 [INFO] IPUIPlugin:80 - create IPUIPlugin
2024-07-11 17:15:15,751 [INFO] PluginManager:220 - loadIPPluginJar : add adc
2024-07-11 17:15:15,818 [INFO] IPUIPlugin:80 - create IPUIPlugin
2024-07-11 17:15:15,818 [INFO] PluginManager:220 - loadIPPluginJar : add aes
2024-07-11 17:15:15,909 [INFO] IPUIPlugin:80 - create IPUIPlugin
2024-07-11 17:15:15,910 [INFO] PluginManager:220 - loadIPPluginJar : add can
2024-07-11 17:15:15,961 [INFO] IPUIPlugin:80 - create IPUIPlugin
2024-07-11 17:15:15,961 [INFO] PluginManager:220 - loadIPPluginJar : add comp
2024-07-11 17:15:16,031 [INFO] IPUIPlugin:80 - create IPUIPlugin
2024-07-11 17:15:16,031 [INFO] PluginManager:220 - loadIPPluginJar : add cryp
2024-07-11 17:15:16,064 [INFO] IPUIPlugin:80 - create IPUIPlugin
2024-07-11 17:15:16,064 [INFO] PluginManager:220 - loadIPPluginJar : add ddr_ctrl_phy
2024-07-11 17:15:16,113 [INFO] IPUIPlugin:80 - create IPUIPlugin
2024-07-11 17:15:16,113 [INFO] PluginManager:220 - loadIPPluginJar : add dfsdm
2024-07-11 17:15:16,134 [INFO] IPUIPlugin:80 - create IPUIPlugin
2024-07-11 17:15:16,134 [INFO] PluginManager:220 - loadIPPluginJar : add dma
2024-07-11 17:15:16,211 [INFO] IPUIPlugin:80 - create IPUIPlugin
2024-07-11 17:15:16,211 [INFO] PluginManager:220 - loadIPPluginJar : add dma3
2024-07-11 17:15:16,306 [INFO] IPUIPlugin:80 - create IPUIPlugin
2024-07-11 17:15:16,306 [INFO] PluginManager:220 - loadIPPluginJar : add extmemmanager
2024-07-11 17:15:16,354 [INFO] IPUIPlugin:80 - create IPUIPlugin
2024-07-11 17:15:16,354 [INFO] PluginManager:220 - loadIPPluginJar : add fatfs
2024-07-11 17:15:16,433 [INFO] IPUIPlugin:80 - create IPUIPlugin
2024-07-11 17:15:16,433 [INFO] PluginManager:220 - loadIPPluginJar : add fmc
2024-07-11 17:15:16,465 [INFO] IPUIPlugin:80 - create IPUIPlugin
2024-07-11 17:15:16,465 [INFO] PluginManager:220 - loadIPPluginJar : add freertos
2024-07-11 17:15:16,495 [INFO] IPUIPlugin:80 - create IPUIPlugin
2024-07-11 17:15:16,495 [INFO] PluginManager:220 - loadIPPluginJar : add genericplugin
2024-07-11 17:15:16,678 [INFO] IPUIPlugin:80 - create IPUIPlugin
2024-07-11 17:15:16,679 [INFO] PluginManager:220 - loadIPPluginJar : add gfxmmu
2024-07-11 17:15:16,959 [INFO] IPUIPlugin:80 - create IPUIPlugin
2024-07-11 17:15:16,959 [INFO] PluginManager:220 - loadIPPluginJar : add gic
2024-07-11 17:15:16,984 [INFO] IPUIPlugin:80 - create IPUIPlugin
2024-07-11 17:15:16,984 [INFO] PluginManager:220 - loadIPPluginJar : add gpio
2024-07-11 17:15:17,156 [INFO] IPUIPlugin:80 - create IPUIPlugin
2024-07-11 17:15:17,156 [INFO] PluginManager:220 - loadIPPluginJar : add gtzc
2024-07-11 17:15:17,226 [INFO] IPUIPlugin:80 - create IPUIPlugin
2024-07-11 17:15:17,226 [INFO] PluginManager:220 - loadIPPluginJar : add hash
2024-07-11 17:15:17,329 [INFO] IPUIPlugin:80 - create IPUIPlugin
2024-07-11 17:15:17,329 [INFO] PluginManager:220 - loadIPPluginJar : add i2c
2024-07-11 17:15:17,416 [INFO] IPUIPlugin:80 - create IPUIPlugin
2024-07-11 17:15:17,417 [INFO] PluginManager:220 - loadIPPluginJar : add i2s
2024-07-11 17:15:17,507 [INFO] IPUIPlugin:80 - create IPUIPlugin
2024-07-11 17:15:17,508 [INFO] PluginManager:220 - loadIPPluginJar : add i3c
2024-07-11 17:15:17,704 [INFO] IPUIPlugin:80 - create IPUIPlugin
2024-07-11 17:15:17,704 [INFO] PluginManager:220 - loadIPPluginJar : add ipddr
2024-07-11 17:15:17,911 [INFO] IPUIPlugin:80 - create IPUIPlugin
2024-07-11 17:15:17,911 [INFO] PluginManager:220 - loadIPPluginJar : add linkedlist
2024-07-11 17:15:17,982 [INFO] IPUIPlugin:80 - create IPUIPlugin
2024-07-11 17:15:17,982 [INFO] PluginManager:220 - loadIPPluginJar : add lorawan
2024-07-11 17:15:18,064 [INFO] IPUIPlugin:80 - create IPUIPlugin
2024-07-11 17:15:18,064 [INFO] PluginManager:220 - loadIPPluginJar : add ltdc
2024-07-11 17:15:18,094 [INFO] IPUIPlugin:80 - create IPUIPlugin
2024-07-11 17:15:18,094 [INFO] PluginManager:220 - loadIPPluginJar : add mdma
2024-07-11 17:15:18,109 [INFO] IPUIPlugin:80 - create IPUIPlugin
2024-07-11 17:15:18,109 [INFO] PluginManager:220 - loadIPPluginJar : add nvic
2024-07-11 17:15:18,159 [INFO] ThirdPartyUpdaterWithRetryManager:70 - Updater plugin not ready yet. [2/15]
2024-07-11 17:15:18,176 [INFO] IPUIPlugin:80 - create IPUIPlugin
2024-07-11 17:15:18,176 [INFO] PluginManager:220 - loadIPPluginJar : add opamp
2024-07-11 17:15:18,303 [INFO] IPUIPlugin:80 - create IPUIPlugin
2024-07-11 17:15:18,303 [INFO] PluginManager:220 - loadIPPluginJar : add openamp
2024-07-11 17:15:18,410 [INFO] IPUIPlugin:80 - create IPUIPlugin
2024-07-11 17:15:18,410 [INFO] PluginManager:220 - loadIPPluginJar : add pdm2pcm
2024-07-11 17:15:18,430 [INFO] IPUIPlugin:80 - create IPUIPlugin
2024-07-11 17:15:18,431 [INFO] PluginManager:220 - loadIPPluginJar : add plateformsettings
2024-07-11 17:15:18,470 [INFO] IPUIPlugin:80 - create IPUIPlugin
2024-07-11 17:15:18,470 [INFO] PluginManager:220 - loadIPPluginJar : add quadspi
2024-07-11 17:15:18,524 [INFO] IPUIPlugin:80 - create IPUIPlugin
2024-07-11 17:15:18,524 [INFO] PluginManager:220 - loadIPPluginJar : add radio
2024-07-11 17:15:18,543 [INFO] IPUIPlugin:80 - create IPUIPlugin
2024-07-11 17:15:18,543 [INFO] PluginManager:220 - loadIPPluginJar : add resmgrutility
2024-07-11 17:15:18,634 [INFO] IPUIPlugin:80 - create IPUIPlugin
2024-07-11 17:15:18,634 [INFO] PluginManager:220 - loadIPPluginJar : add sai
2024-07-11 17:15:18,719 [INFO] IPUIPlugin:80 - create IPUIPlugin
2024-07-11 17:15:18,719 [INFO] PluginManager:220 - loadIPPluginJar : add spi
2024-07-11 17:15:18,851 [INFO] IPUIPlugin:80 - create IPUIPlugin
2024-07-11 17:15:18,851 [INFO] PluginManager:220 - loadIPPluginJar : add stm32_wpan
2024-07-11 17:15:18,905 [INFO] IPUIPlugin:80 - create IPUIPlugin
2024-07-11 17:15:18,905 [INFO] PluginManager:220 - loadIPPluginJar : add tim
2024-07-11 17:15:19,014 [INFO] IPUIPlugin:80 - create IPUIPlugin
2024-07-11 17:15:19,014 [INFO] PluginManager:220 - loadIPPluginJar : add touchsensing
2024-07-11 17:15:19,068 [INFO] IPUIPlugin:80 - create IPUIPlugin
2024-07-11 17:15:19,068 [INFO] PluginManager:220 - loadIPPluginJar : add tracer_emb
2024-07-11 17:15:19,109 [INFO] IPUIPlugin:80 - create IPUIPlugin
2024-07-11 17:15:19,110 [INFO] PluginManager:220 - loadIPPluginJar : add ts
2024-07-11 17:15:19,148 [INFO] IPUIPlugin:80 - create IPUIPlugin
2024-07-11 17:15:19,149 [INFO] PluginManager:220 - loadIPPluginJar : add tsc
2024-07-11 17:15:19,186 [INFO] IPUIPlugin:80 - create IPUIPlugin
2024-07-11 17:15:19,186 [INFO] PluginManager:220 - loadIPPluginJar : add ucpd
2024-07-11 17:15:19,278 [INFO] IPUIPlugin:80 - create IPUIPlugin
2024-07-11 17:15:19,279 [INFO] PluginManager:220 - loadIPPluginJar : add usart
2024-07-11 17:15:19,369 [INFO] IPUIPlugin:80 - create IPUIPlugin
2024-07-11 17:15:19,369 [INFO] PluginManager:220 - loadIPPluginJar : add usbx
2024-07-11 17:15:19,500 [INFO] CADModel:165 - CPN selected for project level
2024-07-11 17:15:19,500 [INFO] CADModel:114 - Register for checkConnection events
2024-07-11 17:15:19,500 [FATAL] Updater:334 - Updater called before beeing initialized
2024-07-11 17:15:19,500 [ERROR] CADModel:125 - Updater not yet initialized, retry later 
2024-07-11 17:15:19,655 [INFO] CADModel:165 - CPN selected for project level
2024-07-11 17:15:19,655 [INFO] CADModel:114 - Register for checkConnection events
2024-07-11 17:15:19,655 [FATAL] Updater:334 - Updater called before beeing initialized
2024-07-11 17:15:19,655 [ERROR] CADModel:125 - Updater not yet initialized, retry later 
2024-07-11 17:15:19,658 [FATAL] Updater:334 - Updater called before beeing initialized
2024-07-11 17:15:19,743 [FATAL] Updater:334 - Updater called before beeing initialized
2024-07-11 17:15:19,759 [INFO] DbMcusAds:53 - JSON generation date=Thu May 16 11:22:00 CEST 2024 (1715851320852)
2024-07-11 17:15:19,759 [FATAL] Updater:334 - Updater called before beeing initialized
2024-07-11 17:15:19,793 [WARN] DetailPanel:346 - Failed to get advertising image, set to default
2024-07-11 17:15:19,851 [FATAL] Updater:334 - Updater called before beeing initialized
2024-07-11 17:15:19,853 [FATAL] Updater:334 - Updater called before beeing initialized
2024-07-11 17:15:19,854 [FATAL] Updater:334 - Updater called before beeing initialized
2024-07-11 17:15:19,854 [WARN] DetailPanel:346 - Failed to get advertising image, set to default
2024-07-11 17:15:19,854 [FATAL] Updater:334 - Updater called before beeing initialized
2024-07-11 17:15:19,916 [ERROR] Updater:1164 - MainUpdater not yet initialized. External WinMGr cannot be set.
2024-07-11 17:15:19,931 [INFO] Updater:1100 - Updater Version found : 6.12.0
2024-07-11 17:15:19,951 [INFO] ApplicationProperties:184 - Using Application install path: C:\ST\STM32CubeIDE_1.15.0\STM32CubeIDE\plugins\com.st.stm32cube.common.mx_6.12.0.202406281431
2024-07-11 17:15:20,441 [INFO] MainUpdater:2873 - connection check result : 10
2024-07-11 17:15:20,442 [INFO] MainUpdater:290 - Updater Check For Update Now.
2024-07-11 17:15:20,442 [INFO] MicroXplorer:498 - Change Database Version : DB.6.0.120
2024-07-11 17:15:20,458 [INFO] McuFinderGlobals:63 - Set McuFinder mode to 2 (CubeIDE integrated)
2024-07-11 17:15:20,464 [INFO] UserAuth:417 - Internet connection configuration mode: 1
2024-07-11 17:15:20,549 [INFO] JxBrowserEngine:152 - Initiate JxBrowser Engine with user profile folder
2024-07-11 17:15:20,662 [INFO] CheckServerUpdateThread:120 - End of CheckServer Thread
2024-07-11 17:15:21,337 [WARN] PackLoader:240 - Cannot read IP mode file for STMicroelectronics.FP-SNS-MOTENVWB1.1.4.0
2024-07-11 17:15:21,353 [WARN] PackLoader:240 - Cannot read IP mode file for STMicroelectronics.X-CUBE-SMBUS.2.1.0
2024-07-11 17:15:21,367 [WARN] PackLoader:240 - Cannot read IP mode file for STMicroelectronics.X-CUBE-TOUCHGFX.4.23.2
2024-07-11 17:15:21,407 [WARN] PackLoader:240 - Cannot read IP mode file for STMicroelectronics.X-CUBE-AZRTOS-F7.1.1.0
2024-07-11 17:15:21,428 [WARN] PackLoader:240 - Cannot read IP mode file for STMicroelectronics.X-CUBE-BLE1.6.2.4
2024-07-11 17:15:21,442 [WARN] PackLoader:240 - Cannot read IP mode file for STMicroelectronics.FP-SNS-FLIGHT1.5.0.2
2024-07-11 17:15:21,459 [WARN] PackLoader:240 - Cannot read IP mode file for STMicroelectronics.X-CUBE-DISPLAY.3.0.0
2024-07-11 17:15:21,475 [WARN] PackLoader:240 - Cannot read IP mode file for STMicroelectronics.X-CUBE-BLE1.7.0.0
2024-07-11 17:15:21,489 [WARN] PackLoader:240 - Cannot read IP mode file for STMicroelectronics.X-CUBE-BLEMGR.3.1.0
2024-07-11 17:15:21,505 [WARN] PackLoader:240 - Cannot read IP mode file for STMicroelectronics.FP-SNS-SMARTAG2.1.2.0
2024-07-11 17:15:21,524 [INFO] LogOutputStream:77 - [STDOUT_REDIRECT] 1 : Invalid condition id : UX_CORESTACK_Condition cause : null
2024-07-11 17:15:21,524 [INFO] LogOutputStream:77 - [STDOUT_REDIRECT] 1 : Invalid condition id : UX_CORESTACK_Condition cause : null
2024-07-11 17:15:21,525 [INFO] LogOutputStream:77 - [STDOUT_REDIRECT] 1 : Invalid condition id : UX_CORESTACK_Condition cause : null
2024-07-11 17:15:21,526 [INFO] LogOutputStream:77 - [STDOUT_REDIRECT] 1 : Invalid condition id : UX_CORESTACK_Condition cause : null
2024-07-11 17:15:21,527 [INFO] LogOutputStream:77 - [STDOUT_REDIRECT] 1 : Invalid condition id : UX_CORESTACK_Condition cause : null
2024-07-11 17:15:21,530 [WARN] PackLoader:240 - Cannot read IP mode file for STMicroelectronics.X-CUBE-AZRTOS-WL.2.0.0
2024-07-11 17:15:21,542 [WARN] PackLoader:240 - Cannot read IP mode file for STMicroelectronics.FP-SNS-MOTENV1.5.0.0
2024-07-11 17:15:21,554 [WARN] PackLoader:240 - Cannot read IP mode file for wolfSSL.I-CUBE-wolfMQTT.1.19.0
2024-07-11 17:15:21,564 [WARN] PackLoader:240 - Cannot read IP mode file for WES.I-CUBE-Cesium.1.3.0
2024-07-11 17:15:21,577 [WARN] PackLoader:240 - Cannot read IP mode file for STMicroelectronics.X-CUBE-BLE2.3.3.0
2024-07-11 17:15:21,594 [WARN] PackLoader:240 - Cannot read IP mode file for STMicroelectronics.X-CUBE-TOF1.3.2.0
2024-07-11 17:15:21,608 [WARN] PackLoader:240 - Cannot read IP mode file for STMicroelectronics.X-CUBE-TCPP.4.1.0
2024-07-11 17:15:21,623 [WARN] PackLoader:240 - Cannot read IP mode file for STMicroelectronics.X-CUBE-TOUCHGFX.4.21.1
2024-07-11 17:15:21,634 [WARN] PackLoader:240 - Cannot read IP mode file for STMicroelectronics.X-CUBE-TOUCHGFX.4.21.3
2024-07-11 17:15:21,650 [WARN] PackLoader:240 - Cannot read IP mode file for STMicroelectronics.X-CUBE-ALGOBUILD.1.3.0
2024-07-11 17:15:21,676 [WARN] PackLoader:240 - Cannot read IP mode file for STMicroelectronics.X-CUBE-AZRTOS-G0.1.1.0
2024-07-11 17:15:21,691 [WARN] PackLoader:240 - Cannot read IP mode file for STMicroelectronics.X-CUBE-SAFEA1.1.2.2
2024-07-11 17:15:21,703 [WARN] PackLoader:240 - Cannot read IP mode file for STMicroelectronics.X-CUBE-NFC4.3.0.0
2024-07-11 17:15:21,720 [WARN] PackLoader:240 - Cannot read IP mode file for EmbeddedOffice.I-CUBE-FS-RTOS.1.0.1
2024-07-11 17:15:21,721 [ERROR] ConditionMgr:805 - Attr not supported : Dmpu
2024-07-11 17:15:21,721 [ERROR] ConditionMgr:805 - Attr not supported : Dmpu
2024-07-11 17:15:21,721 [ERROR] ConditionMgr:805 - Attr not supported : Dmpu
2024-07-11 17:15:21,721 [ERROR] ConditionMgr:805 - Attr not supported : Dmpu
2024-07-11 17:15:21,721 [ERROR] ConditionMgr:805 - Attr not supported : Dmpu
2024-07-11 17:15:21,721 [ERROR] ConditionMgr:805 - Attr not supported : Dmpu
2024-07-11 17:15:21,721 [ERROR] ConditionMgr:805 - Attr not supported : Dmpu
2024-07-11 17:15:21,721 [ERROR] ConditionMgr:805 - Attr not supported : Dmpu
2024-07-11 17:15:21,721 [ERROR] ConditionMgr:805 - Attr not supported : Dmpu
2024-07-11 17:15:21,722 [ERROR] ConditionMgr:805 - Attr not supported : Dmpu
2024-07-11 17:15:21,722 [ERROR] ConditionMgr:805 - Attr not supported : Dmpu
2024-07-11 17:15:21,722 [ERROR] ConditionMgr:805 - Attr not supported : Dmpu
2024-07-11 17:15:21,722 [ERROR] ConditionMgr:805 - Attr not supported : Dmpu
2024-07-11 17:15:21,722 [ERROR] ConditionMgr:805 - Attr not supported : Dmpu
2024-07-11 17:15:21,722 [ERROR] ConditionMgr:805 - Attr not supported : Dmpu
2024-07-11 17:15:21,722 [ERROR] ConditionMgr:805 - Attr not supported : Dmpu
2024-07-11 17:15:21,722 [ERROR] ConditionMgr:805 - Attr not supported : Dmpu
2024-07-11 17:15:21,722 [ERROR] ConditionMgr:805 - Attr not supported : Dmpu
2024-07-11 17:15:21,723 [ERROR] ConditionMgr:805 - Attr not supported : Dmpu
2024-07-11 17:15:21,723 [ERROR] ConditionMgr:805 - Attr not supported : Dmpu
2024-07-11 17:15:21,723 [ERROR] ConditionMgr:805 - Attr not supported : Dmpu
2024-07-11 17:15:21,723 [ERROR] ConditionMgr:805 - Attr not supported : Dmpu
2024-07-11 17:15:21,723 [ERROR] ConditionMgr:805 - Attr not supported : Dmpu
2024-07-11 17:15:21,723 [ERROR] ConditionMgr:805 - Attr not supported : Dmpu
2024-07-11 17:15:21,723 [ERROR] ConditionMgr:805 - Attr not supported : Dmpu
2024-07-11 17:15:21,723 [ERROR] ConditionMgr:805 - Attr not supported : Dmpu
2024-07-11 17:15:21,723 [ERROR] ConditionMgr:805 - Attr not supported : Dmpu
2024-07-11 17:15:21,723 [ERROR] ConditionMgr:805 - Attr not supported : Dmpu
2024-07-11 17:15:21,723 [ERROR] ConditionMgr:805 - Attr not supported : Dmpu
2024-07-11 17:15:21,725 [ERROR] ConditionMgr:805 - Attr not supported : Dmpu
2024-07-11 17:15:21,725 [ERROR] ConditionMgr:805 - Attr not supported : Dmpu
2024-07-11 17:15:21,725 [ERROR] ConditionMgr:805 - Attr not supported : Dmpu
2024-07-11 17:15:21,725 [ERROR] ConditionMgr:805 - Attr not supported : Dmpu
2024-07-11 17:15:21,725 [ERROR] ConditionMgr:805 - Attr not supported : Dmpu
2024-07-11 17:15:21,725 [ERROR] ConditionMgr:805 - Attr not supported : Dmpu
2024-07-11 17:15:21,725 [ERROR] ConditionMgr:805 - Attr not supported : Dmpu
2024-07-11 17:15:21,725 [ERROR] ConditionMgr:805 - Attr not supported : Dmpu
2024-07-11 17:15:21,725 [ERROR] ConditionMgr:805 - Attr not supported : Dmpu
2024-07-11 17:15:21,725 [ERROR] ConditionMgr:805 - Attr not supported : Dmpu
2024-07-11 17:15:21,725 [ERROR] ConditionMgr:805 - Attr not supported : Dmpu
2024-07-11 17:15:21,725 [ERROR] ConditionMgr:805 - Attr not supported : Dmpu
2024-07-11 17:15:21,725 [ERROR] ConditionMgr:805 - Attr not supported : Dmpu
2024-07-11 17:15:21,726 [ERROR] ConditionMgr:805 - Attr not supported : Dmpu
2024-07-11 17:15:21,726 [ERROR] ConditionMgr:805 - Attr not supported : Dmpu
2024-07-11 17:15:21,726 [ERROR] ConditionMgr:805 - Attr not supported : Dmpu
2024-07-11 17:15:21,726 [ERROR] ConditionMgr:805 - Attr not supported : Dmpu
2024-07-11 17:15:21,726 [ERROR] ConditionMgr:805 - Attr not supported : Dmpu
2024-07-11 17:15:21,726 [ERROR] ConditionMgr:805 - Attr not supported : Dmpu
2024-07-11 17:15:21,726 [ERROR] ConditionMgr:805 - Attr not supported : Dmpu
2024-07-11 17:15:21,726 [ERROR] ConditionMgr:805 - Attr not supported : Dmpu
2024-07-11 17:15:21,726 [ERROR] ConditionMgr:805 - Attr not supported : Dmpu
2024-07-11 17:15:21,726 [ERROR] ConditionMgr:805 - Attr not supported : Dmpu
2024-07-11 17:15:21,726 [ERROR] ConditionMgr:805 - Attr not supported : Dmpu
2024-07-11 17:15:21,726 [ERROR] ConditionMgr:805 - Attr not supported : Dmpu
2024-07-11 17:15:21,726 [ERROR] ConditionMgr:805 - Attr not supported : Dmpu
2024-07-11 17:15:21,726 [ERROR] ConditionMgr:805 - Attr not supported : Dmpu
2024-07-11 17:15:21,726 [ERROR] ConditionMgr:805 - Attr not supported : Dmpu
2024-07-11 17:15:21,726 [ERROR] ConditionMgr:805 - Attr not supported : Dmpu
2024-07-11 17:15:21,726 [ERROR] ConditionMgr:805 - Attr not supported : Dmpu
2024-07-11 17:15:21,726 [ERROR] ConditionMgr:805 - Attr not supported : Dmpu
2024-07-11 17:15:21,726 [ERROR] ConditionMgr:805 - Attr not supported : Dmpu
2024-07-11 17:15:21,726 [ERROR] ConditionMgr:805 - Attr not supported : Dmpu
2024-07-11 17:15:21,726 [ERROR] ConditionMgr:805 - Attr not supported : Dmpu
2024-07-11 17:15:21,727 [ERROR] ConditionMgr:805 - Attr not supported : Dmpu
2024-07-11 17:15:21,741 [WARN] PackLoader:240 - Cannot read IP mode file for RealThread.X-CUBE-RT-Thread_Nano.4.1.1
2024-07-11 17:15:21,753 [WARN] PackLoader:240 - Cannot read IP mode file for STMicroelectronics.FP-ATR-SIGFOX1.3.2.0
2024-07-11 17:15:21,765 [WARN] PackLoader:240 - Cannot read IP mode file for STMicroelectronics.X-CUBE-EEPRMA1.5.1.0
2024-07-11 17:15:21,783 [WARN] PackLoader:240 - Cannot read IP mode file for ITTIA_DB.I-CUBE-ITTIADB.8.9.0
2024-07-11 17:15:21,829 [WARN] PackLoader:240 - Cannot read IP mode file for STMicroelectronics.X-CUBE-MEMS1.9.5.0
2024-07-11 17:15:21,942 [WARN] PackLoader:240 - Cannot read IP mode file for SEGGER.I-CUBE-embOS.1.3.1
2024-07-11 17:15:22,017 [WARN] PackLoader:240 - Cannot read IP mode file for STMicroelectronics.X-CUBE-ALGOBUILD.1.4.0
2024-07-11 17:15:22,030 [WARN] PackLoader:240 - Cannot read IP mode file for STMicroelectronics.X-CUBE-GNSS1.6.0.0
2024-07-11 17:15:22,052 [WARN] PackLoader:240 - Cannot read IP mode file for STMicroelectronics.X-CUBE-AZRTOS-F4.1.1.0
2024-07-11 17:15:22,062 [WARN] PackLoader:240 - Cannot read IP mode file for STMicroelectronics.X-CUBE-FREERTOS.1.2.0
2024-07-11 17:15:22,086 [WARN] PackLoader:240 - Cannot read IP mode file for STMicroelectronics.X-CUBE-AZRTOS-L5.2.0.0
2024-07-11 17:15:22,102 [WARN] PackLoader:240 - Cannot read IP mode file for STMicroelectronics.X-CUBE-NFC6.3.1.0
2024-07-11 17:15:22,116 [WARN] PackLoader:240 - Cannot read IP mode file for emotas.I-CUBE-CANOPEN.1.1.3
2024-07-11 17:15:22,130 [WARN] PackLoader:240 - Cannot read IP mode file for STMicroelectronics.X-CUBE-BLEMGR.2.0.0
2024-07-11 17:15:22,146 [WARN] PackLoader:240 - Cannot read IP mode file for STMicroelectronics.X-CUBE-DPower.1.2.0
2024-07-11 17:15:22,157 [WARN] PackLoader:240 - Cannot read IP mode file for STMicroelectronics.X-CUBE-AI.9.0.0
2024-07-11 17:15:22,180 [WARN] ConditionMgr:438 - getConditionDescription Invalid condition id : UX DEVICE CLASS RTOS Condition cause : null
2024-07-11 17:15:22,180 [WARN] ConditionMgr:438 - getConditionDescription Invalid condition id : UX DEVICE CLASS RTOS Condition cause : null
2024-07-11 17:15:22,182 [WARN] PackLoader:240 - Cannot read IP mode file for STMicroelectronics.X-CUBE-AZRTOS-H7.3.1.0
2024-07-11 17:15:22,183 [WARN] ConditionMgr:1039 - genDependencies : Invalid condition id : UX DEVICE CLASS RTOS Condition cause : null
2024-07-11 17:15:22,183 [WARN] ConditionMgr:1039 - genDependencies : Invalid condition id : UX DEVICE CLASS RTOS Condition cause : null
2024-07-11 17:15:22,184 [WARN] ConditionMgr:1039 - genDependencies : Invalid condition id : UX DEVICE CLASS RTOS Condition cause : null
2024-07-11 17:15:22,184 [WARN] ConditionMgr:1039 - genDependencies : Invalid condition id : UX DEVICE CLASS RTOS Condition cause : null
2024-07-11 17:15:22,184 [WARN] ConditionMgr:1039 - genDependencies : Invalid condition id : UX DEVICE CLASS RTOS Condition cause : null
2024-07-11 17:15:22,199 [WARN] PackLoader:240 - Cannot read IP mode file for wolfSSL.I-CUBE-wolfSSL.5.5.4
2024-07-11 17:15:22,213 [WARN] PackLoader:240 - Cannot read IP mode file for STMicroelectronics.X-CUBE-NFC7.1.0.1
2024-07-11 17:15:22,229 [WARN] PackLoader:240 - Cannot read IP mode file for STMicroelectronics.X-CUBE-NFC7.1.0.0
2024-07-11 17:15:22,244 [WARN] PackLoader:240 - Cannot read IP mode file for wolfSSL.I-CUBE-wolfTPM.3.2.0
2024-07-11 17:15:22,257 [WARN] PackLoader:240 - Cannot read IP mode file for STMicroelectronics.X-CUBE-EEPRMA1.4.1.0
2024-07-11 17:15:22,281 [WARN] ConditionMgr:438 - getConditionDescription Invalid condition id : LAN8742 Phy interface Condition cause : null
2024-07-11 17:15:22,282 [WARN] PackLoader:240 - Cannot read IP mode file for STMicroelectronics.X-CUBE-AZRTOS-L4.2.0.0
2024-07-11 17:15:22,282 [WARN] ConditionMgr:1039 - genDependencies : Invalid condition id : LAN8742 Phy interface Condition cause : null
2024-07-11 17:15:22,283 [WARN] ConditionMgr:1039 - genDependencies : Invalid condition id : LAN8742 Phy interface Condition cause : null
2024-07-11 17:15:22,283 [WARN] ConditionMgr:1039 - genDependencies : Invalid condition id : LAN8742 Phy interface Condition cause : null
2024-07-11 17:15:22,297 [WARN] PackLoader:240 - Cannot read IP mode file for STMicroelectronics.X-CUBE-SFXS2LP1.4.0.0
2024-07-11 17:15:22,326 [WARN] PackLoader:240 - Cannot read IP mode file for STMicroelectronics.X-CUBE-AZRTOS-H7.3.0.0
2024-07-11 17:15:22,344 [WARN] PackLoader:240 - Cannot read IP mode file for STMicroelectronics.X-CUBE-ISPU.1.1.0
2024-07-11 17:15:22,361 [WARN] PackLoader:240 - Cannot read IP mode file for RoweBots.I-CUBE-UNISONRTOS.5.5.0-4
2024-07-11 17:15:22,376 [WARN] PackLoader:240 - Cannot read IP mode file for STMicroelectronics.X-CUBE-AI.8.0.0
2024-07-11 17:15:22,415 [WARN] ConditionMgr:438 - getConditionDescription Invalid condition id : UX DEVICE CLASS RTOS Condition cause : null
2024-07-11 17:15:22,416 [WARN] ConditionMgr:438 - getConditionDescription Invalid condition id : UX DEVICE CLASS RTOS Condition cause : null
2024-07-11 17:15:22,417 [WARN] PackLoader:240 - Cannot read IP mode file for STMicroelectronics.X-CUBE-AZRTOS-WB.2.0.0
2024-07-11 17:15:22,418 [WARN] ConditionMgr:1039 - genDependencies : Invalid condition id : UX DEVICE CLASS RTOS Condition cause : null
2024-07-11 17:15:22,418 [WARN] ConditionMgr:1039 - genDependencies : Invalid condition id : UX DEVICE CLASS RTOS Condition cause : null
2024-07-11 17:15:22,418 [WARN] ConditionMgr:1039 - genDependencies : Invalid condition id : UX DEVICE CLASS RTOS Condition cause : null
2024-07-11 17:15:22,418 [WARN] ConditionMgr:1039 - genDependencies : Invalid condition id : UX DEVICE CLASS RTOS Condition cause : null
2024-07-11 17:15:22,418 [WARN] ConditionMgr:1039 - genDependencies : Invalid condition id : UX DEVICE CLASS RTOS Condition cause : null
2024-07-11 17:15:22,432 [WARN] PackLoader:240 - Cannot read IP mode file for STMicroelectronics.X-CUBE-FREERTOS.1.0.0
2024-07-11 17:15:22,444 [WARN] PackLoader:240 - Cannot read IP mode file for STMicroelectronics.X-CUBE-FREERTOS.1.0.1
2024-07-11 17:15:22,484 [WARN] PackLoader:240 - Cannot read IP mode file for STMicroelectronics.X-CUBE-AZRTOS-L5.1.1.0
2024-07-11 17:15:22,516 [WARN] PackLoader:240 - Cannot read IP mode file for STMicroelectronics.X-CUBE-SUBG2.5.0.0
2024-07-11 17:15:22,528 [WARN] PackLoader:240 - Cannot read IP mode file for Cesanta.I-CUBE-Mongoose.7.13.0
2024-07-11 17:15:22,550 [WARN] PackLoader:240 - Cannot read IP mode file for STMicroelectronics.X-CUBE-AZRTOS-G4.2.0.0
2024-07-11 17:15:22,566 [WARN] PackLoader:240 - Cannot read IP mode file for STMicroelectronics.X-CUBE-TOF1.3.3.0
2024-07-11 17:15:22,578 [WARN] PackLoader:240 - Cannot read IP mode file for STMicroelectronics.FP-ATR-ASTRA1.1.1.1
2024-07-11 17:15:22,596 [WARN] PackLoader:240 - Cannot read IP mode file for STMicroelectronics.X-CUBE-AZRTOS-G4.1.0.0
2024-07-11 17:15:22,616 [WARN] PackLoader:240 - Cannot read IP mode file for STMicroelectronics.X-CUBE-AZRTOS-L4.1.0.0
2024-07-11 17:15:22,628 [WARN] PackLoader:240 - Cannot read IP mode file for STMicroelectronics.X-CUBE-ISPU.2.0.0
2024-07-11 17:15:22,641 [WARN] PackLoader:240 - Cannot read IP mode file for STMicroelectronics.X-CUBE-ALS.1.0.2
2024-07-11 17:15:22,706 [WARN] PackLoader:240 - Cannot read IP mode file for STMicroelectronics.X-CUBE-MEMS1.10.0.0
2024-07-11 17:15:22,858 [WARN] PackLoader:240 - Cannot read IP mode file for STMicroelectronics.X-CUBE-FREERTOS.1.1.0
2024-07-11 17:15:22,871 [WARN] PackLoader:240 - Cannot read IP mode file for STMicroelectronics.X-CUBE-TOUCHGFX.4.24.0
2024-07-11 17:15:22,889 [WARN] PackLoader:240 - Cannot read IP mode file for STMicroelectronics.X-CUBE-AZRTOS-WL.1.0.0
2024-07-11 17:15:22,905 [WARN] PackLoader:240 - Cannot read IP mode file for portGmbH.I-Cube-SoM-uGOAL.1.1.0
2024-07-11 17:15:22,916 [WARN] PackLoader:240 - Cannot read IP mode file for STMicroelectronics.X-CUBE-ALS.1.0.1
2024-07-11 17:15:22,934 [WARN] PackLoader:240 - Cannot read IP mode file for STMicroelectronics.X-CUBE-AZRTOS-WB.1.1.0
2024-07-11 17:15:22,957 [WARN] PackLoader:240 - Cannot read IP mode file for STMicroelectronics.X-CUBE-AZRTOS-H7RS.1.0.0
2024-07-11 17:15:22,969 [WARN] PackLoader:240 - Cannot read IP mode file for STMicroelectronics.FP-ATR-ASTRA1.2.0.0
2024-07-11 17:15:22,985 [WARN] PackLoader:240 - Cannot read IP mode file for STMicroelectronics.X-CUBE-TOF1.3.4.1
2024-07-11 17:15:23,018 [WARN] PackLoader:240 - Cannot read IP mode file for STMicroelectronics.X-CUBE-AZRTOS-H7.3.2.0
2024-07-11 17:15:23,040 [WARN] PackLoader:240 - Cannot read IP mode file for Infineon.AIROC-Wi-Fi-Bluetooth-STM32.1.6.0
2024-07-11 17:15:23,051 [WARN] PackLoader:240 - Cannot read IP mode file for wolfSSL.I-CUBE-wolfSSH.1.4.17
2024-07-11 17:15:23,052 [INFO] ThirdParty:978 - Integrity check success = true
2024-07-11 17:15:23,052 [INFO] IntegrityCheckThread:100 - exiting critical section [integrity check]
2024-07-11 17:15:23,052 [INFO] IntegrityCheckThread:103 - End integrity checks thread
2024-07-11 17:15:23,483 [INFO] WebApp:167 - Instantiating new browser for Auth
2024-07-11 17:15:24,185 [INFO] WebApp:448 - Apply proxy settings
2024-07-11 17:15:24,185 [INFO] WebApp:533 - Chromium requires no authentication
2024-07-11 17:15:24,196 [INFO] WebApp:476 - Direct internet connection detected
2024-07-11 17:15:24,224 [INFO] WebApp:869 - Register for checkConnection events
2024-07-11 17:15:24,224 [INFO] WebApp:448 - Apply proxy settings
2024-07-11 17:15:24,224 [INFO] WebApp:533 - Chromium requires no authentication
2024-07-11 17:15:24,226 [INFO] WebApp:476 - Direct internet connection detected
2024-07-11 17:15:24,410 [INFO] WebApp:220 - Starting web application
2024-07-11 17:15:24,410 [INFO] WebApp:578 - Web application path used C:\ST\STM32CubeIDE_1.15.0\STM32CubeIDE\plugins\com.st.stm32cube.common.mx_6.12.0.202406281431\db\plugins\mcufinder\reactClient1\index.html
2024-07-11 17:15:24,520 [INFO] UserAuth:417 - Internet connection configuration mode: 1
2024-07-11 17:15:24,529 [INFO] WebApp:186 - Connection restablished
2024-07-11 18:41:09,872 [ERROR] LogOutputStream:75 - [STDERR_REDIRECT] 
